<?xml version="1.0" encoding="UTF-8"?>
<!-- Generated by org.testng.reporters.JUnitXMLReporter -->
<testsuite ignored="0" hostname="DESKTOP-58S81VR" failures="0" tests="1" name="ValidateTitle Test" time="0.214" errors="0" timestamp="2022-08-21T13:08:19 IST">
  <testcase classname="Academy.ValidateTitle" name="@BeforeTest openBrowser" time="0.025">
    <failure type="java.lang.NullPointerException" message="Cannot invoke &amp;quot;String.equals(Object)&amp;quot; because &amp;quot;browserName&amp;quot; is null">
      <![CDATA[java.lang.NullPointerException: Cannot invoke "String.equals(Object)" because "browserName" is null
at resources.base.initializeDriver(base.java:27)
at Academy.ValidateTitle.openBrowser(ValidateTitle.java:22)
at java.base/java.util.concurrent.FutureTask.run(FutureTask.java:264)
at java.base/java.util.concurrent.ThreadPoolExecutor.runWorker(ThreadPoolExecutor.java:1136)
at java.base/java.util.concurrent.ThreadPoolExecutor$Worker.run(ThreadPoolExecutor.java:635)
at java.base/java.lang.Thread.run(Thread.java:833)
... Removed 14 stack frames]]>
    </failure>
  </testcase> <!-- @BeforeTest openBrowser -->
  <testcase classname="Academy.HomePage" name="@BeforeTest initialize" time="0.031">
    <failure type="java.lang.NullPointerException" message="Cannot invoke &amp;quot;String.equals(Object)&amp;quot; because &amp;quot;browserName&amp;quot; is null">
      <![CDATA[java.lang.NullPointerException: Cannot invoke "String.equals(Object)" because "browserName" is null
at resources.base.initializeDriver(base.java:27)
at Academy.HomePage.initialize(HomePage.java:24)
at java.base/java.util.concurrent.FutureTask.run(FutureTask.java:264)
at java.base/java.util.concurrent.ThreadPoolExecutor.runWorker(ThreadPoolExecutor.java:1136)
at java.base/java.util.concurrent.ThreadPoolExecutor$Worker.run(ThreadPoolExecutor.java:635)
at java.base/java.lang.Thread.run(Thread.java:833)
... Removed 14 stack frames]]>
    </failure>
  </testcase> <!-- @BeforeTest initialize -->
  <testcase classname="Academy.ValidateTitle" name="@AfterTest closeBrowser" time="0.0">
    <skipped/>
  </testcase> <!-- @AfterTest closeBrowser -->
  <testcase classname="Academy.HomePage" name="@AfterTest closeBrowser" time="0.0">
    <skipped/>
  </testcase> <!-- @AfterTest closeBrowser -->
  <testcase classname="Academy.ValidateTitle" name="textCheck" time="0.0">
    <skipped/>
  </testcase> <!-- textCheck -->
</testsuite> <!-- ValidateTitle Test -->
