<?xml version="1.0" encoding="UTF-8"?>
<!-- Generated by org.testng.reporters.JUnitXMLReporter -->
<testsuite ignored="0" hostname="DESKTOP-58S81VR" failures="0" tests="4" name="Test" time="177.177" errors="0" timestamp="2022-08-16T12:36:21 IST">
  <testcase classname="Academy.ValidateNaviBar" name="basePageNaviBar" time="29.742"/>
  <testcase classname="Academy.ValidateTitle" name="textCheck" time="30.185"/>
  <testcase classname="Academy.HomePage" name="basePageNavigation" time="82.56"/>
  <testcase classname="Academy.HomePage" name="basePageNavigation" time="28.076"/>
</testsuite> <!-- Test -->
